c[?7l[2J[0mSeaBIOS (version 1.13.0-1ubuntu1.1)


iPXE (http://ipxe.org) 00:03.0 CA00 PCI2.10 PnP PMM+07F8CA10+07ECCA10 CA00
Press Ctrl-B to configure iPXE (PCI 00:03.0)...                                                                               


Booting from Hard Disk..(THU.CST) os is loading ...

Special kernel symbols:
  entry  0xc0100036 (phys)
  etext  0xc010855d (phys)
  edata  0xc0125000 (phys)
  end    0xc0126118 (phys)
Kernel executable memory footprint: 153KB
ebp:0xc0121f48 eip:0xc0100ad4 args:0x00010094 0x00010094 0xc0121f78 0xc01000c8 
    kern/debug/kdebug.c:308: print_stackframe+25
ebp:0xc0121f58 eip:0xc0100de8 args:0x00000000 0x00000000 0x00000000 0xc0121fc8 
    kern/debug/kmonitor.c:129: mon_backtrace+14
ebp:0xc0121f78 eip:0xc01000c8 args:0x00000000 0xc0121fa0 0xffff0000 0xc0121fa4 
    kern/init/init.c:56: grade_backtrace2+23
ebp:0xc0121f98 eip:0xc01000ee args:0x00000000 0xffff0000 0xc0121fc4 0x0000002a 
    kern/init/init.c:61: grade_backtrace1+31
ebp:0xc0121fb8 eip:0xc010010f args:0x00000000 0xc0100036 0xffff0000 0xc0100079 
    kern/init/init.c:66: grade_backtrace0+23
ebp:0xc0121fd8 eip:0xc0100134 args:0x00000000 0x00000000 0x00000000 0xc0108560 
    kern/init/init.c:71: grade_backtrace+30
ebp:0xc0121ff8 eip:0xc0100086 args:0xc010875c 0xc0108764 0xc0100d65 0xc0108783 
    kern/init/init.c:31: kern_init+79
memory management: default_pmm_manager
e820map:
  memory: 0009fc00, [00000000, 0009fbff], type = 1.
  memory: 00000400, [0009fc00, 0009ffff], type = 2.
  memory: 00010000, [000f0000, 000fffff], type = 2.
  memory: 07ee0000, [00100000, 07fdffff], type = 1.
  memory: 00020000, [07fe0000, 07ffffff], type = 2.
  memory: 00040000, [fffc0000, ffffffff], type = 2.
check_alloc_page() succeeded!
check_pgdir() succeeded!
check_boot_pgdir() succeeded!
-------------------- BEGIN --------------------
PDE(0e0) c0000000-f8000000 38000000 urw
  |-- PTE(38000) c0000000-f8000000 38000000 -rw
PDE(001) fac00000-fb000000 00400000 -rw
  |-- PTE(000e0) faf00000-fafe0000 000e0000 urw
  |-- PTE(00001) fafeb000-fafec000 00001000 -rw
--------------------- END ---------------------
check_vma_struct() succeeded!
page fault at 0x00000100: K/W [no page found].
check_pgfault() succeeded!
check_vmm() succeeded.
ide 0:      10000(sectors), 'QEMU HARDDISK'.
ide 1:     262144(sectors), 'QEMU HARDDISK'.
SWAP: manager = fifo swap manager
BEGIN check_swap: count 1, total 31962
setup Page Table for vaddr 0X1000, so alloc a page
setup Page Table vaddr 0~4MB OVER!
set up init env for check_swap begin!
page fault at 0x00001000: K/W [no page found].
page fault at 0x00002000: K/W [no page found].
page fault at 0x00003000: K/W [no page found].
page fault at 0x00004000: K/W [no page found].
set up init env for check_swap over!
write Virt Page c in fifo_check_swap
write Virt Page a in fifo_check_swap
write Virt Page d in fifo_check_swap
write Virt Page b in fifo_check_swap
write Virt Page e in fifo_check_swap
page fault at 0x00005000: K/W [no page found].
swap_out: i 0, store page in vaddr 0x1000 to disk swap entry 2
write Virt Page b in fifo_check_swap
write Virt Page a in fifo_check_swap
page fault at 0x00001000: K/W [no page found].
swap_out: i 0, store page in vaddr 0x2000 to disk swap entry 3
swap_in: load disk swap entry 2 with swap_page in vadr 0x1000
write Virt Page b in fifo_check_swap
page fault at 0x00002000: K/W [no page found].
swap_out: i 0, store page in vaddr 0x3000 to disk swap entry 4
swap_in: load disk swap entry 3 with swap_page in vadr 0x2000
write Virt Page c in fifo_check_swap
page fault at 0x00003000: K/W [no page found].
swap_out: i 0, store page in vaddr 0x4000 to disk swap entry 5
swap_in: load disk swap entry 4 with swap_page in vadr 0x3000
write Virt Page d in fifo_check_swap
page fault at 0x00004000: K/W [no page found].
swap_out: i 0, store page in vaddr 0x5000 to disk swap entry 6
swap_in: load disk swap entry 5 with swap_page in vadr 0x4000
write Virt Page e in fifo_check_swap
page fault at 0x00005000: K/W [no page found].
swap_out: i 0, store page in vaddr 0x1000 to disk swap entry 2
swap_in: load disk swap entry 6 with swap_page in vadr 0x5000
write Virt Page a in fifo_check_swap
page fault at 0x00001000: K/R [no page found].
swap_out: i 0, store page in vaddr 0x2000 to disk swap entry 3
swap_in: load disk swap entry 2 with swap_page in vadr 0x1000
count is 0, total is 7
check_swap() succeeded!
++ setup timer interrupts
100 ticks
End of Test.
kernel panic at kern/trap/trap.c:20:
    EOT: kernel seems ok.
stack trackback:
ebp:0xc0121f10 eip:0xc0100ad4 args:0xc0306000 0xc0306000 0xc0121f3c 0xc0121f44 
    kern/debug/kdebug.c:308: print_stackframe+25
ebp:0xc0121f30 eip:0xc0100495 args:0xc01089ee 0x00000014 0xc01089d8 0x00010094 
    kern/debug/panic.c:27: __panic+111
ebp:0xc0121f50 eip:0xc01021af args:0xc0108981 0xc0121fb4 0xc012610c 0x00000000 
    kern/trap/trap.c:0: print_ticks+63
ebp:0xc0121f70 eip:0xc0102724 args:0xc0121f9c 0xc01002c9 0xc0108966 0xc0121fb4 
    kern/trap/trap.c:197: trap_dispatch+185
ebp:0xc0121f90 eip:0xc01027dd args:0xc0121f9c 0x0000807c 0x00010094 0xc0121ff8 
    kern/trap/trap.c:234: trap+20
ebp:0xc0121ff8 eip:0xc0103269 args:0xc010875c 0xc0108764 0xc0100d65 0xc0108783 
    kern/trap/trapentry.S:24: <unknown>+0
Welcome to the kernel debug monitor!!
Type 'help' for a list of commands.
K> 