c[?7l[2J[0mSeaBIOS (version 1.13.0-1ubuntu1.1)


iPXE (http://ipxe.org) 00:03.0 CA00 PCI2.10 PnP PMM+07F8CA10+07ECCA10 CA00
Press Ctrl-B to configure iPXE (PCI 00:03.0)...                                                                               


Booting from Hard Disk..(THU.CST) os is loading ...

Special kernel symbols:
  entry  0xc0100036 (phys)
  etext  0xc0109fef (phys)
  edata  0xc012b000 (phys)
  end    0xc012e160 (phys)
Kernel executable memory footprint: 185KB
ebp:0xc0127f38 eip:0xc0100b00 args:0x000100b4 0x000100b4 0xc0127f68 0xc01000e3 
    kern/debug/kdebug.c:335: print_stackframe+25
ebp:0xc0127f48 eip:0xc0100e02 args:0x00000000 0x00000000 0x00000000 0xc0127fb8 
    kern/debug/kmonitor.c:129: mon_backtrace+14
ebp:0xc0127f68 eip:0xc01000e3 args:0x00000000 0xc0127f90 0xffff0000 0xc0127f94 
    kern/init/init.c:58: grade_backtrace2+37
ebp:0xc0127f88 eip:0xc0100111 args:0x00000000 0xffff0000 0xc0127fb4 0x0000002a 
    kern/init/init.c:63: grade_backtrace1+42
ebp:0xc0127fa8 eip:0xc0100134 args:0x00000000 0xc0100036 0xffff0000 0x0000001d 
    kern/init/init.c:68: grade_backtrace0+27
ebp:0xc0127fc8 eip:0xc010015e args:0xc010a01c 0xc010a000 0x00003160 0x00000000 
    kern/init/init.c:73: grade_backtrace+38
ebp:0xc0127ff8 eip:0xc010008b args:0xc010a1fc 0xc010a204 0xc0100d7e 0xc010a223 
    kern/init/init.c:33: kern_init+84
memory management: default_pmm_manager
e820map:
  memory: 0009fc00, [00000000, 0009fbff], type = 1.
  memory: 00000400, [0009fc00, 0009ffff], type = 2.
  memory: 00010000, [000f0000, 000fffff], type = 2.
  memory: 07ee0000, [00100000, 07fdffff], type = 1.
  memory: 00020000, [07fe0000, 07ffffff], type = 2.
  memory: 00040000, [fffc0000, ffffffff], type = 2.
check_alloc_page() succeeded!
check_pgdir() succeeded!
check_boot_pgdir() succeeded!
-------------------- BEGIN --------------------
PDE(0e0) c0000000-f8000000 38000000 urw
  |-- PTE(38000) c0000000-f8000000 38000000 -rw
PDE(001) fac00000-fb000000 00400000 -rw
  |-- PTE(000e0) faf00000-fafe0000 000e0000 urw
  |-- PTE(00001) fafeb000-fafec000 00001000 -rw
--------------------- END ---------------------
use SLOB allocator
kmalloc_init() succeeded!
check_vma_struct() succeeded!
